<?xml version="1.0" encoding="UTF-8"?>
<!-- Generated by org.testng.reporters.JUnitXMLReporter -->
<testsuite ignored="0" hostname="Dharaneesha-PC" failures="1" tests="3" name="Test" time="46.751" errors="0" timestamp="2022-10-12T00:02:08 IST">
  <testcase classname="testing.Testcase3" name="actiTimeInc" time="0.091"/>
  <testcase classname="testing.Testcase2" name="forgotPassword" time="0.236"/>
  <testcase classname="testing.Testcase11" name="login" time="0.191">
    <failure type="java.lang.AssertionError" message="The following asserts failed:
	expected [vidya] but found [actiTIME - Login]">
      <![CDATA[java.lang.AssertionError: The following asserts failed:
expected [vidya] but found [actiTIME - Login]
at testing.Testcase11.login(Testcase11.java:40)
at java.base/java.util.ArrayList.forEach(ArrayList.java:1511)
... Removed 29 stack frames]]>
    </failure>
  </testcase> <!-- login -->
</testsuite> <!-- Test -->
